{"/Users/barret/github/spaas/packages/bridge/src/event.ts": {"path":"/Users/barret/github/spaas/packages/bridge/src/event.ts","statementMap":{"0":{"start":{"line":1,"column":0},"end":{"line":1,"column":43}},"1":{"start":{"line":9,"column":2},"end":{"line":9,"column":null}},"2":{"start":{"line":13,"column":2},"end":{"line":13,"column":null}},"3":{"start":{"line":17,"column":2},"end":{"line":17,"column":null}},"4":{"start":{"line":21,"column":2},"end":{"line":21,"column":null}},"5":{"start":{"line":24,"column":0},"end":{"line":29,"column":null}}},"fnMap":{"0":{"name":"emit","decl":{"start":{"line":8,"column":9},"end":{"line":8,"column":13}},"loc":{"start":{"line":8,"column":37},"end":{"line":10,"column":1}}},"1":{"name":"on","decl":{"start":{"line":12,"column":9},"end":{"line":12,"column":11}},"loc":{"start":{"line":12,"column":55},"end":{"line":14,"column":1}}},"2":{"name":"off","decl":{"start":{"line":16,"column":9},"end":{"line":16,"column":12}},"loc":{"start":{"line":16,"column":57},"end":{"line":18,"column":1}}},"3":{"name":"has","decl":{"start":{"line":20,"column":9},"end":{"line":20,"column":12}},"loc":{"start":{"line":20,"column":24},"end":{"line":22,"column":1}}}},"branchMap":{},"s":{"0":2,"1":7,"2":3,"3":5,"4":7,"5":2},"f":{"0":7,"1":3,"2":5,"3":7},"b":{}}
,"/Users/barret/github/spaas/packages/bridge/src/index.ts": {"path":"/Users/barret/github/spaas/packages/bridge/src/index.ts","statementMap":{"0":{"start":{"line":1,"column":0},"end":{"line":1,"column":20}},"1":{"start":{"line":5,"column":2},"end":{"line":1,"column":42}},"2":{"start":{"line":2,"column":0},"end":{"line":2,"column":20}},"3":{"start":{"line":6,"column":2},"end":{"line":2,"column":42}},"4":{"start":{"line":9,"column":0},"end":{"line":12,"column":null}}},"fnMap":{},"branchMap":{},"s":{"0":1,"1":1,"2":1,"3":1,"4":1},"f":{},"b":{}}
,"/Users/barret/github/spaas/packages/bridge/src/store.ts": {"path":"/Users/barret/github/spaas/packages/bridge/src/store.ts","statementMap":{"0":{"start":{"line":1,"column":0},"end":{"line":1,"column":39}},"1":{"start":{"line":2,"column":0},"end":{"line":2,"column":42}},"2":{"start":{"line":61,"column":38},"end":{"line":61,"column":82}},"3":{"start":{"line":62,"column":2},"end":{"line":71,"column":null}},"4":{"start":{"line":62,"column":33},"end":{"line":62,"column":45}},"5":{"start":{"line":63,"column":4},"end":{"line":63,"column":null}},"6":{"start":{"line":64,"column":9},"end":{"line":71,"column":null}},"7":{"start":{"line":65,"column":4},"end":{"line":65,"column":68}},"8":{"start":{"line":66,"column":4},"end":{"line":66,"column":11}},"9":{"start":{"line":67,"column":9},"end":{"line":71,"column":null}},"10":{"start":{"line":68,"column":4},"end":{"line":68,"column":null}},"11":{"start":{"line":70,"column":4},"end":{"line":70,"column":22}},"12":{"start":{"line":94,"column":2},"end":{"line":94,"column":31}},"13":{"start":{"line":103,"column":2},"end":{"line":103,"column":null}},"14":{"start":{"line":112,"column":2},"end":{"line":112,"column":null}},"15":{"start":{"line":121,"column":2},"end":{"line":121,"column":34}},"16":{"start":{"line":131,"column":2},"end":{"line":131,"column":40}},"17":{"start":{"line":138,"column":2},"end":{"line":138,"column":null}},"18":{"start":{"line":140,"column":0},"end":{"line":148,"column":null}}},"fnMap":{"0":{"name":"get","decl":{"start":{"line":57,"column":9},"end":{"line":57,"column":12}},"loc":{"start":{"line":57,"column":46},"end":{"line":72,"column":1}}},"1":{"name":"(anonymous_1)","decl":{"start":{"line":62,"column":26},"end":{"line":62,"column":29}},"loc":{"start":{"line":62,"column":29},"end":{"line":62,"column":36}}},"2":{"name":"set","decl":{"start":{"line":93,"column":9},"end":{"line":93,"column":12}},"loc":{"start":{"line":93,"column":47},"end":{"line":95,"column":1}}},"3":{"name":"has","decl":{"start":{"line":102,"column":9},"end":{"line":102,"column":12}},"loc":{"start":{"line":102,"column":24},"end":{"line":104,"column":1}}},"4":{"name":"hasStore","decl":{"start":{"line":111,"column":9},"end":{"line":111,"column":17}},"loc":{"start":{"line":111,"column":29},"end":{"line":113,"column":1}}},"5":{"name":"off","decl":{"start":{"line":120,"column":9},"end":{"line":120,"column":12}},"loc":{"start":{"line":120,"column":57},"end":{"line":122,"column":1}}},"6":{"name":"on","decl":{"start":{"line":130,"column":9},"end":{"line":130,"column":11}},"loc":{"start":{"line":130,"column":72},"end":{"line":132,"column":1}}},"7":{"name":"offAll","decl":{"start":{"line":137,"column":9},"end":{"line":137,"column":15}},"loc":{"start":{"line":137,"column":15},"end":{"line":139,"column":1}}}},"branchMap":{"0":{"loc":{"start":{"line":62,"column":2},"end":{"line":71,"column":null}},"type":"if","locations":[{"start":{"line":62,"column":2},"end":{"line":71,"column":null}},{"start":{"line":62,"column":2},"end":{"line":71,"column":null}}]},"1":{"loc":{"start":{"line":64,"column":9},"end":{"line":71,"column":null}},"type":"if","locations":[{"start":{"line":64,"column":9},"end":{"line":71,"column":null}},{"start":{"line":64,"column":9},"end":{"line":71,"column":null}}]},"2":{"loc":{"start":{"line":67,"column":9},"end":{"line":71,"column":null}},"type":"if","locations":[{"start":{"line":67,"column":9},"end":{"line":71,"column":null}},{"start":{"line":67,"column":9},"end":{"line":71,"column":null}}]}},"s":{"0":2,"1":2,"2":4,"3":4,"4":10,"5":2,"6":2,"7":0,"8":0,"9":2,"10":1,"11":1,"12":11,"13":7,"14":5,"15":5,"16":5,"17":1,"18":2},"f":{"0":4,"1":10,"2":11,"3":7,"4":5,"5":5,"6":5,"7":1},"b":{"0":[2,2],"1":[0,2],"2":[1,1]}}
,"/Users/barret/github/spaas/packages/bridge/src/stark-data/cache.ts": {"path":"/Users/barret/github/spaas/packages/bridge/src/stark-data/cache.ts","statementMap":{"0":{"start":{"line":1,"column":18},"end":{"line":1,"column":28}},"1":{"start":{"line":3,"column":13},"end":{"line":8,"column":2}},"2":{"start":{"line":4,"column":2},"end":{"line":6,"column":null}},"3":{"start":{"line":5,"column":5},"end":{"line":5,"column":36}},"4":{"start":{"line":7,"column":3},"end":{"line":7,"column":42}},"5":{"start":{"line":10,"column":13},"end":{"line":13,"column":2}},"6":{"start":{"line":11,"column":25},"end":{"line":11,"column":50}},"7":{"start":{"line":12,"column":2},"end":{"line":12,"column":58}}},"fnMap":{"0":{"name":"(anonymous_0)","decl":{"start":{"line":3,"column":24},"end":{"line":3,"column":25}},"loc":{"start":{"line":3,"column":48},"end":{"line":8,"column":1}}},"1":{"name":"(anonymous_1)","decl":{"start":{"line":10,"column":24},"end":{"line":10,"column":25}},"loc":{"start":{"line":10,"column":36},"end":{"line":13,"column":1}}}},"branchMap":{"0":{"loc":{"start":{"line":4,"column":2},"end":{"line":6,"column":null}},"type":"if","locations":[{"start":{"line":4,"column":2},"end":{"line":6,"column":null}},{"start":{"line":4,"column":2},"end":{"line":6,"column":null}}]},"1":{"loc":{"start":{"line":12,"column":37},"end":{"line":12,"column":50}},"type":"cond-expr","locations":[{"start":{"line":12,"column":37},"end":{"line":12,"column":50}},{"start":{"line":12,"column":53},"end":{"line":12,"column":57}}]},"2":{"loc":{"start":{"line":12,"column":9},"end":{"line":12,"column":17}},"type":"binary-expr","locations":[{"start":{"line":12,"column":9},"end":{"line":12,"column":17}},{"start":{"line":12,"column":21},"end":{"line":12,"column":34}}]}},"s":{"0":7,"1":7,"2":10,"3":7,"4":10,"5":7,"6":12,"7":12},"f":{"0":10,"1":12},"b":{"0":[7,3],"1":[1,11],"2":[12,5]}}
,"/Users/barret/github/spaas/packages/bridge/src/stark-data/event.ts": {"path":"/Users/barret/github/spaas/packages/bridge/src/stark-data/event.ts","statementMap":{"0":{"start":{"line":3,"column":0},"end":{"line":3,"column":40}},"1":{"start":{"line":4,"column":0},"end":{"line":4,"column":45}},"2":{"start":{"line":6,"column":23},"end":{"line":6,"column":30}},"3":{"start":{"line":18,"column":0},"end":{"line":18,"column":null}},"4":{"start":{"line":22,"column":4},"end":{"line":22,"column":27}},"5":{"start":{"line":25,"column":2},"end":{"line":36,"column":null}},"6":{"start":{"line":25,"column":20},"end":{"line":25,"column":32}},"7":{"start":{"line":26,"column":23},"end":{"line":26,"column":45}},"8":{"start":{"line":28,"column":4},"end":{"line":31,"column":null}},"9":{"start":{"line":29,"column":6},"end":{"line":29,"column":59}},"10":{"start":{"line":30,"column":6},"end":{"line":30,"column":13}},"11":{"start":{"line":33,"column":4},"end":{"line":35,"column":7}},"12":{"start":{"line":34,"column":6},"end":{"line":34,"column":18}},"13":{"start":{"line":38,"column":2},"end":{"line":54,"column":null}},"14":{"start":{"line":39,"column":4},"end":{"line":42,"column":null}},"15":{"start":{"line":40,"column":6},"end":{"line":40,"column":45}},"16":{"start":{"line":41,"column":6},"end":{"line":41,"column":13}},"17":{"start":{"line":44,"column":4},"end":{"line":47,"column":null}},"18":{"start":{"line":45,"column":6},"end":{"line":45,"column":65}},"19":{"start":{"line":46,"column":6},"end":{"line":46,"column":13}},"20":{"start":{"line":49,"column":4},"end":{"line":51,"column":null}},"21":{"start":{"line":50,"column":6},"end":{"line":50,"column":34}},"22":{"start":{"line":53,"column":4},"end":{"line":53,"column":42}},"23":{"start":{"line":56,"column":2},"end":{"line":73,"column":null}},"24":{"start":{"line":57,"column":4},"end":{"line":60,"column":null}},"25":{"start":{"line":58,"column":6},"end":{"line":58,"column":46}},"26":{"start":{"line":59,"column":6},"end":{"line":59,"column":13}},"27":{"start":{"line":62,"column":4},"end":{"line":65,"column":null}},"28":{"start":{"line":63,"column":6},"end":{"line":63,"column":48}},"29":{"start":{"line":64,"column":6},"end":{"line":64,"column":13}},"30":{"start":{"line":67,"column":4},"end":{"line":70,"column":null}},"31":{"start":{"line":68,"column":6},"end":{"line":68,"column":41}},"32":{"start":{"line":69,"column":6},"end":{"line":69,"column":13}},"33":{"start":{"line":72,"column":4},"end":{"line":72,"column":82}},"34":{"start":{"line":72,"column":65},"end":{"line":72,"column":81}},"35":{"start":{"line":75,"column":2},"end":{"line":78,"column":null}},"36":{"start":{"line":76,"column":23},"end":{"line":76,"column":45}},"37":{"start":{"line":77,"column":4},"end":{"line":77,"column":56}},"38":{"start":{"line":79,"column":0},"end":{"line":79,"column":null}},"39":{"start":{"line":81,"column":12},"end":{"line":81,"column":36}},"40":{"start":{"line":82,"column":0},"end":{"line":85,"column":null}},"41":{"start":{"line":83,"column":2},"end":{"line":83,"column":22}},"42":{"start":{"line":84,"column":2},"end":{"line":84,"column":34}},"43":{"start":{"line":87,"column":0},"end":{"line":87,"column":21}}},"fnMap":{"0":{"name":"(anonymous_0)","decl":{"start":{"line":18,"column":0},"end":{"line":18,"column":null}},"loc":{"start":{"line":18,"column":0},"end":{"line":79,"column":null}}},"1":{"name":"Event","decl":{"start":{"line":21,"column":2},"end":{"line":21,"column":null}},"loc":{"start":{"line":21,"column":2},"end":{"line":23,"column":3}}},"2":{"name":"(anonymous_2)","decl":{"start":{"line":25,"column":2},"end":{"line":25,"column":6}},"loc":{"start":{"line":25,"column":18},"end":{"line":36,"column":3}}},"3":{"name":"(anonymous_3)","decl":{"start":{"line":33,"column":23},"end":{"line":33,"column":25}},"loc":{"start":{"line":33,"column":25},"end":{"line":35,"column":5}}},"4":{"name":"(anonymous_4)","decl":{"start":{"line":38,"column":2},"end":{"line":38,"column":4}},"loc":{"start":{"line":38,"column":48},"end":{"line":54,"column":3}}},"5":{"name":"(anonymous_5)","decl":{"start":{"line":56,"column":2},"end":{"line":56,"column":5}},"loc":{"start":{"line":56,"column":50},"end":{"line":73,"column":3}}},"6":{"name":"(anonymous_6)","decl":{"start":{"line":72,"column":59},"end":{"line":72,"column":61}},"loc":{"start":{"line":72,"column":61},"end":{"line":72,"column":67}}},"7":{"name":"(anonymous_7)","decl":{"start":{"line":75,"column":2},"end":{"line":75,"column":5}},"loc":{"start":{"line":75,"column":17},"end":{"line":78,"column":3}}}},"branchMap":{"0":{"loc":{"start":{"line":28,"column":4},"end":{"line":31,"column":null}},"type":"if","locations":[{"start":{"line":28,"column":4},"end":{"line":31,"column":null}},{"start":{"line":28,"column":4},"end":{"line":31,"column":null}}]},"1":{"loc":{"start":{"line":28,"column":8},"end":{"line":28,"column":28}},"type":"binary-expr","locations":[{"start":{"line":28,"column":8},"end":{"line":28,"column":28}},{"start":{"line":28,"column":33},"end":{"line":28,"column":52}},{"start":{"line":28,"column":56},"end":{"line":28,"column":79}}]},"2":{"loc":{"start":{"line":39,"column":4},"end":{"line":42,"column":null}},"type":"if","locations":[{"start":{"line":39,"column":4},"end":{"line":42,"column":null}},{"start":{"line":39,"column":4},"end":{"line":42,"column":null}}]},"3":{"loc":{"start":{"line":44,"column":4},"end":{"line":47,"column":null}},"type":"if","locations":[{"start":{"line":44,"column":4},"end":{"line":47,"column":null}},{"start":{"line":44,"column":4},"end":{"line":47,"column":null}}]},"4":{"loc":{"start":{"line":44,"column":8},"end":{"line":44,"column":30}},"type":"binary-expr","locations":[{"start":{"line":44,"column":8},"end":{"line":44,"column":30}},{"start":{"line":44,"column":34},"end":{"line":44,"column":64}}]},"5":{"loc":{"start":{"line":49,"column":4},"end":{"line":51,"column":null}},"type":"if","locations":[{"start":{"line":49,"column":4},"end":{"line":51,"column":null}},{"start":{"line":49,"column":4},"end":{"line":51,"column":null}}]},"6":{"loc":{"start":{"line":57,"column":4},"end":{"line":60,"column":null}},"type":"if","locations":[{"start":{"line":57,"column":4},"end":{"line":60,"column":null}},{"start":{"line":57,"column":4},"end":{"line":60,"column":null}}]},"7":{"loc":{"start":{"line":62,"column":4},"end":{"line":65,"column":null}},"type":"if","locations":[{"start":{"line":62,"column":4},"end":{"line":65,"column":null}},{"start":{"line":62,"column":4},"end":{"line":65,"column":null}}]},"8":{"loc":{"start":{"line":67,"column":4},"end":{"line":70,"column":null}},"type":"if","locations":[{"start":{"line":67,"column":4},"end":{"line":70,"column":null}},{"start":{"line":67,"column":4},"end":{"line":70,"column":null}}]},"9":{"loc":{"start":{"line":77,"column":11},"end":{"line":77,"column":30}},"type":"binary-expr","locations":[{"start":{"line":77,"column":11},"end":{"line":77,"column":30}},{"start":{"line":77,"column":34},"end":{"line":77,"column":55}}]},"10":{"loc":{"start":{"line":82,"column":0},"end":{"line":85,"column":null}},"type":"if","locations":[{"start":{"line":82,"column":0},"end":{"line":85,"column":null}},{"start":{"line":82,"column":0},"end":{"line":85,"column":null}}]}},"s":{"0":4,"1":4,"2":4,"3":4,"4":4,"5":4,"6":42,"7":14,"8":14,"9":4,"10":4,"11":10,"12":16,"13":4,"14":9,"15":1,"16":1,"17":8,"18":2,"19":2,"20":6,"21":4,"22":6,"23":4,"24":11,"25":1,"26":1,"27":10,"28":2,"29":2,"30":8,"31":2,"32":2,"33":6,"34":8,"35":4,"36":14,"37":14,"38":4,"39":4,"40":4,"41":4,"42":4,"43":4},"f":{"0":4,"1":4,"2":14,"3":16,"4":9,"5":11,"6":8,"7":14},"b":{"0":[4,10],"1":[14,12,12],"2":[1,8],"3":[2,6],"4":[8,7],"5":[4,2],"6":[1,10],"7":[2,8],"8":[2,6],"9":[14,10],"10":[4,0]}}
,"/Users/barret/github/spaas/packages/bridge/src/stark-data/index.ts": {"path":"/Users/barret/github/spaas/packages/bridge/src/stark-data/index.ts","statementMap":{"0":{"start":{"line":1,"column":0},"end":{"line":1,"column":9}},"1":{"start":{"line":1,"column":9},"end":{"line":1,"column":25}},"2":{"start":{"line":2,"column":0},"end":{"line":2,"column":9}},"3":{"start":{"line":2,"column":9},"end":{"line":2,"column":25}}},"fnMap":{},"branchMap":{},"s":{"0":3,"1":3,"2":3,"3":3},"f":{},"b":{}}
,"/Users/barret/github/spaas/packages/bridge/src/stark-data/store.ts": {"path":"/Users/barret/github/spaas/packages/bridge/src/stark-data/store.ts","statementMap":{"0":{"start":{"line":4,"column":0},"end":{"line":4,"column":50}},"1":{"start":{"line":5,"column":0},"end":{"line":5,"column":45}},"2":{"start":{"line":7,"column":23},"end":{"line":7,"column":30}},"3":{"start":{"line":21,"column":0},"end":{"line":21,"column":null}},"4":{"start":{"line":27,"column":4},"end":{"line":27,"column":20}},"5":{"start":{"line":28,"column":4},"end":{"line":28,"column":27}},"6":{"start":{"line":31,"column":2},"end":{"line":33,"column":null}},"7":{"start":{"line":32,"column":4},"end":{"line":32,"column":27}},"8":{"start":{"line":35,"column":2},"end":{"line":38,"column":null}},"9":{"start":{"line":36,"column":4},"end":{"line":36,"column":28}},"10":{"start":{"line":37,"column":4},"end":{"line":37,"column":20}},"11":{"start":{"line":40,"column":2},"end":{"line":51,"column":null}},"12":{"start":{"line":41,"column":23},"end":{"line":41,"column":45}},"13":{"start":{"line":43,"column":4},"end":{"line":45,"column":null}},"14":{"start":{"line":44,"column":6},"end":{"line":44,"column":13}},"15":{"start":{"line":47,"column":18},"end":{"line":47,"column":37}},"16":{"start":{"line":48,"column":4},"end":{"line":50,"column":7}},"17":{"start":{"line":49,"column":6},"end":{"line":49,"column":16}},"18":{"start":{"line":53,"column":2},"end":{"line":64,"column":null}},"19":{"start":{"line":54,"column":4},"end":{"line":56,"column":null}},"20":{"start":{"line":55,"column":6},"end":{"line":55,"column":24}},"21":{"start":{"line":58,"column":4},"end":{"line":61,"column":null}},"22":{"start":{"line":59,"column":6},"end":{"line":59,"column":46}},"23":{"start":{"line":60,"column":6},"end":{"line":60,"column":18}},"24":{"start":{"line":63,"column":4},"end":{"line":63,"column":31}},"25":{"start":{"line":66,"column":2},"end":{"line":81,"column":null}},"26":{"start":{"line":66,"column":2},"end":{"line":66,"column":5}},"27":{"start":{"line":67,"column":4},"end":{"line":78,"column":null}},"28":{"start":{"line":68,"column":6},"end":{"line":71,"column":null}},"29":{"start":{"line":69,"column":8},"end":{"line":69,"column":57}},"30":{"start":{"line":70,"column":8},"end":{"line":70,"column":15}},"31":{"start":{"line":73,"column":6},"end":{"line":77,"column":9}},"32":{"start":{"line":74,"column":18},"end":{"line":74,"column":24}},"33":{"start":{"line":76,"column":8},"end":{"line":76,"column":29}},"34":{"start":{"line":80,"column":4},"end":{"line":80,"column":31}},"35":{"start":{"line":83,"column":2},"end":{"line":103,"column":null}},"36":{"start":{"line":84,"column":4},"end":{"line":87,"column":null}},"37":{"start":{"line":85,"column":6},"end":{"line":85,"column":45}},"38":{"start":{"line":86,"column":6},"end":{"line":86,"column":13}},"39":{"start":{"line":89,"column":4},"end":{"line":92,"column":null}},"40":{"start":{"line":90,"column":6},"end":{"line":90,"column":65}},"41":{"start":{"line":91,"column":6},"end":{"line":91,"column":13}},"42":{"start":{"line":94,"column":4},"end":{"line":96,"column":null}},"43":{"start":{"line":95,"column":6},"end":{"line":95,"column":34}},"44":{"start":{"line":98,"column":4},"end":{"line":98,"column":42}},"45":{"start":{"line":100,"column":4},"end":{"line":102,"column":null}},"46":{"start":{"line":101,"column":6},"end":{"line":101,"column":36}},"47":{"start":{"line":105,"column":2},"end":{"line":122,"column":null}},"48":{"start":{"line":106,"column":4},"end":{"line":109,"column":null}},"49":{"start":{"line":107,"column":6},"end":{"line":107,"column":46}},"50":{"start":{"line":108,"column":6},"end":{"line":108,"column":13}},"51":{"start":{"line":111,"column":4},"end":{"line":114,"column":null}},"52":{"start":{"line":112,"column":6},"end":{"line":112,"column":48}},"53":{"start":{"line":113,"column":6},"end":{"line":113,"column":13}},"54":{"start":{"line":116,"column":4},"end":{"line":119,"column":null}},"55":{"start":{"line":117,"column":6},"end":{"line":117,"column":41}},"56":{"start":{"line":118,"column":6},"end":{"line":118,"column":13}},"57":{"start":{"line":121,"column":4},"end":{"line":121,"column":82}},"58":{"start":{"line":121,"column":65},"end":{"line":121,"column":81}},"59":{"start":{"line":124,"column":2},"end":{"line":126,"column":null}},"60":{"start":{"line":125,"column":4},"end":{"line":125,"column":27}},"61":{"start":{"line":128,"column":2},"end":{"line":132,"column":null}},"62":{"start":{"line":129,"column":23},"end":{"line":129,"column":45}},"63":{"start":{"line":130,"column":4},"end":{"line":130,"column":29}},"64":{"start":{"line":131,"column":4},"end":{"line":131,"column":56}},"65":{"start":{"line":134,"column":2},"end":{"line":142,"column":null}},"66":{"start":{"line":135,"column":27},"end":{"line":135,"column":50}},"67":{"start":{"line":136,"column":4},"end":{"line":140,"column":null}},"68":{"start":{"line":136,"column":22},"end":{"line":136,"column":26}},"69":{"start":{"line":136,"column":18},"end":{"line":136,"column":22}},"70":{"start":{"line":137,"column":6},"end":{"line":139,"column":null}},"71":{"start":{"line":138,"column":8},"end":{"line":138,"column":null}},"72":{"start":{"line":141,"column":4},"end":{"line":141,"column":null}},"73":{"start":{"line":143,"column":0},"end":{"line":143,"column":null}},"74":{"start":{"line":145,"column":12},"end":{"line":145,"column":36}},"75":{"start":{"line":146,"column":0},"end":{"line":149,"column":null}},"76":{"start":{"line":147,"column":2},"end":{"line":147,"column":22}},"77":{"start":{"line":148,"column":2},"end":{"line":148,"column":34}},"78":{"start":{"line":151,"column":0},"end":{"line":151,"column":21}}},"fnMap":{"0":{"name":"(anonymous_0)","decl":{"start":{"line":21,"column":0},"end":{"line":21,"column":null}},"loc":{"start":{"line":21,"column":0},"end":{"line":143,"column":null}}},"1":{"name":"Store","decl":{"start":{"line":26,"column":2},"end":{"line":26,"column":null}},"loc":{"start":{"line":26,"column":2},"end":{"line":29,"column":3}}},"2":{"name":"(anonymous_2)","decl":{"start":{"line":31,"column":2},"end":{"line":31,"column":11}},"loc":{"start":{"line":31,"column":23},"end":{"line":33,"column":3}}},"3":{"name":"(anonymous_3)","decl":{"start":{"line":35,"column":2},"end":{"line":35,"column":11}},"loc":{"start":{"line":35,"column":35},"end":{"line":38,"column":3}}},"4":{"name":"(anonymous_4)","decl":{"start":{"line":40,"column":2},"end":{"line":40,"column":7}},"loc":{"start":{"line":40,"column":11},"end":{"line":51,"column":3}}},"5":{"name":"(anonymous_5)","decl":{"start":{"line":48,"column":23},"end":{"line":48,"column":25}},"loc":{"start":{"line":48,"column":25},"end":{"line":50,"column":5}}},"6":{"name":"(anonymous_6)","decl":{"start":{"line":53,"column":2},"end":{"line":53,"column":5}},"loc":{"start":{"line":53,"column":18},"end":{"line":64,"column":3}}},"7":{"name":"(anonymous_7)","decl":{"start":{"line":66,"column":2},"end":{"line":66,"column":5}},"loc":{"start":{"line":66,"column":27},"end":{"line":81,"column":3}}},"8":{"name":"(anonymous_8)","decl":{"start":{"line":73,"column":31},"end":{"line":73,"column":32}},"loc":{"start":{"line":73,"column":32},"end":{"line":77,"column":7}}},"9":{"name":"(anonymous_9)","decl":{"start":{"line":83,"column":2},"end":{"line":83,"column":4}},"loc":{"start":{"line":83,"column":65},"end":{"line":103,"column":3}}},"10":{"name":"(anonymous_10)","decl":{"start":{"line":105,"column":2},"end":{"line":105,"column":5}},"loc":{"start":{"line":105,"column":50},"end":{"line":122,"column":3}}},"11":{"name":"(anonymous_11)","decl":{"start":{"line":121,"column":59},"end":{"line":121,"column":61}},"loc":{"start":{"line":121,"column":61},"end":{"line":121,"column":67}}},"12":{"name":"(anonymous_12)","decl":{"start":{"line":124,"column":2},"end":{"line":124,"column":8}},"loc":{"start":{"line":124,"column":2},"end":{"line":126,"column":3}}},"13":{"name":"(anonymous_13)","decl":{"start":{"line":128,"column":2},"end":{"line":128,"column":5}},"loc":{"start":{"line":128,"column":17},"end":{"line":132,"column":3}}},"14":{"name":"(anonymous_14)","decl":{"start":{"line":134,"column":2},"end":{"line":134,"column":10}},"loc":{"start":{"line":134,"column":22},"end":{"line":142,"column":3}}}},"branchMap":{"0":{"loc":{"start":{"line":43,"column":4},"end":{"line":45,"column":null}},"type":"if","locations":[{"start":{"line":43,"column":4},"end":{"line":45,"column":null}},{"start":{"line":43,"column":4},"end":{"line":45,"column":null}}]},"1":{"loc":{"start":{"line":43,"column":8},"end":{"line":43,"column":28}},"type":"binary-expr","locations":[{"start":{"line":43,"column":8},"end":{"line":43,"column":28}},{"start":{"line":43,"column":33},"end":{"line":43,"column":52}},{"start":{"line":43,"column":56},"end":{"line":43,"column":79}}]},"2":{"loc":{"start":{"line":54,"column":4},"end":{"line":56,"column":null}},"type":"if","locations":[{"start":{"line":54,"column":4},"end":{"line":56,"column":null}},{"start":{"line":54,"column":4},"end":{"line":56,"column":null}}]},"3":{"loc":{"start":{"line":58,"column":4},"end":{"line":61,"column":null}},"type":"if","locations":[{"start":{"line":58,"column":4},"end":{"line":61,"column":null}},{"start":{"line":58,"column":4},"end":{"line":61,"column":null}}]},"4":{"loc":{"start":{"line":67,"column":4},"end":{"line":78,"column":null}},"type":"if","locations":[{"start":{"line":67,"column":4},"end":{"line":78,"column":null}},{"start":{"line":67,"column":4},"end":{"line":78,"column":null}}]},"5":{"loc":{"start":{"line":68,"column":6},"end":{"line":71,"column":null}},"type":"if","locations":[{"start":{"line":68,"column":6},"end":{"line":71,"column":null}},{"start":{"line":68,"column":6},"end":{"line":71,"column":null}}]},"6":{"loc":{"start":{"line":84,"column":4},"end":{"line":87,"column":null}},"type":"if","locations":[{"start":{"line":84,"column":4},"end":{"line":87,"column":null}},{"start":{"line":84,"column":4},"end":{"line":87,"column":null}}]},"7":{"loc":{"start":{"line":89,"column":4},"end":{"line":92,"column":null}},"type":"if","locations":[{"start":{"line":89,"column":4},"end":{"line":92,"column":null}},{"start":{"line":89,"column":4},"end":{"line":92,"column":null}}]},"8":{"loc":{"start":{"line":89,"column":8},"end":{"line":89,"column":30}},"type":"binary-expr","locations":[{"start":{"line":89,"column":8},"end":{"line":89,"column":30}},{"start":{"line":89,"column":34},"end":{"line":89,"column":64}}]},"9":{"loc":{"start":{"line":94,"column":4},"end":{"line":96,"column":null}},"type":"if","locations":[{"start":{"line":94,"column":4},"end":{"line":96,"column":null}},{"start":{"line":94,"column":4},"end":{"line":96,"column":null}}]},"10":{"loc":{"start":{"line":100,"column":4},"end":{"line":102,"column":null}},"type":"if","locations":[{"start":{"line":100,"column":4},"end":{"line":102,"column":null}},{"start":{"line":100,"column":4},"end":{"line":102,"column":null}}]},"11":{"loc":{"start":{"line":106,"column":4},"end":{"line":109,"column":null}},"type":"if","locations":[{"start":{"line":106,"column":4},"end":{"line":109,"column":null}},{"start":{"line":106,"column":4},"end":{"line":109,"column":null}}]},"12":{"loc":{"start":{"line":111,"column":4},"end":{"line":114,"column":null}},"type":"if","locations":[{"start":{"line":111,"column":4},"end":{"line":114,"column":null}},{"start":{"line":111,"column":4},"end":{"line":114,"column":null}}]},"13":{"loc":{"start":{"line":116,"column":4},"end":{"line":119,"column":null}},"type":"if","locations":[{"start":{"line":116,"column":4},"end":{"line":119,"column":null}},{"start":{"line":116,"column":4},"end":{"line":119,"column":null}}]},"14":{"loc":{"start":{"line":131,"column":11},"end":{"line":131,"column":30}},"type":"binary-expr","locations":[{"start":{"line":131,"column":11},"end":{"line":131,"column":30}},{"start":{"line":131,"column":34},"end":{"line":131,"column":55}}]},"15":{"loc":{"start":{"line":137,"column":6},"end":{"line":139,"column":null}},"type":"if","locations":[{"start":{"line":137,"column":6},"end":{"line":139,"column":null}},{"start":{"line":137,"column":6},"end":{"line":139,"column":null}}]},"16":{"loc":{"start":{"line":146,"column":0},"end":{"line":149,"column":null}},"type":"if","locations":[{"start":{"line":146,"column":0},"end":{"line":149,"column":null}},{"start":{"line":146,"column":0},"end":{"line":149,"column":null}}]}},"s":{"0":5,"1":5,"2":5,"3":5,"4":5,"5":5,"6":5,"7":18,"8":5,"9":25,"10":25,"11":5,"12":25,"13":25,"14":19,"15":6,"16":6,"17":6,"18":5,"19":7,"20":1,"21":6,"22":1,"23":1,"24":5,"25":5,"26":17,"27":17,"28":4,"29":2,"30":2,"31":2,"32":10,"33":10,"34":15,"35":5,"36":13,"37":1,"38":1,"39":12,"40":2,"41":2,"42":10,"43":7,"44":10,"45":10,"46":7,"47":5,"48":10,"49":1,"50":1,"51":9,"52":2,"53":2,"54":7,"55":2,"56":2,"57":5,"58":5,"59":5,"60":1,"61":5,"62":11,"63":11,"64":11,"65":5,"66":5,"67":5,"68":10,"69":21,"70":21,"71":2,"72":3,"73":5,"74":5,"75":5,"76":5,"77":5,"78":5},"f":{"0":5,"1":5,"2":18,"3":25,"4":25,"5":6,"6":7,"7":17,"8":10,"9":13,"10":10,"11":5,"12":1,"13":11,"14":5},"b":{"0":[19,6],"1":[25,7,7],"2":[1,6],"3":[1,5],"4":[4,13],"5":[2,2],"6":[1,12],"7":[2,10],"8":[12,11],"9":[7,3],"10":[7,3],"11":[1,9],"12":[2,7],"13":[2,5],"14":[11,8],"15":[2,19],"16":[5,0]}}
,"/Users/barret/github/spaas/packages/bridge/src/stark-data/utils.ts": {"path":"/Users/barret/github/spaas/packages/bridge/src/stark-data/utils.ts","statementMap":{"0":{"start":{"line":2,"column":2},"end":{"line":2,"column":65}},"1":{"start":{"line":1,"column":0},"end":{"line":1,"column":16}},"2":{"start":{"line":6,"column":2},"end":{"line":6,"column":64}},"3":{"start":{"line":5,"column":0},"end":{"line":5,"column":16}},"4":{"start":{"line":10,"column":2},"end":{"line":10,"column":42}},"5":{"start":{"line":9,"column":0},"end":{"line":9,"column":16}}},"fnMap":{"0":{"name":"isObject","decl":{"start":{"line":1,"column":16},"end":{"line":1,"column":24}},"loc":{"start":{"line":1,"column":31},"end":{"line":3,"column":1}}},"1":{"name":"isArray","decl":{"start":{"line":5,"column":16},"end":{"line":5,"column":23}},"loc":{"start":{"line":5,"column":30},"end":{"line":7,"column":1}}},"2":{"name":"warn","decl":{"start":{"line":9,"column":16},"end":{"line":9,"column":20}},"loc":{"start":{"line":9,"column":36},"end":{"line":11,"column":1}}}},"branchMap":{"0":{"loc":{"start":{"line":10,"column":9},"end":{"line":10,"column":16}},"type":"binary-expr","locations":[{"start":{"line":10,"column":9},"end":{"line":10,"column":16}},{"start":{"line":10,"column":20},"end":{"line":10,"column":41}}]}},"s":{"0":4,"1":6,"2":102,"3":6,"4":19,"5":6},"f":{"0":4,"1":102,"2":19},"b":{"0":[19,19]}}
}
