TN:
SF:/Users/barret/github/spaas/packages/bridge/src/event.ts
FN:8,emit
FN:12,on
FN:16,off
FN:20,has
FNF:4
FNH:4
FNDA:7,emit
FNDA:3,on
FNDA:5,off
FNDA:7,has
DA:1,2
DA:9,7
DA:13,3
DA:17,5
DA:21,7
DA:24,2
LF:6
LH:6
BRF:0
BRH:0
end_of_record
TN:
SF:/Users/barret/github/spaas/packages/bridge/src/index.ts
FNF:0
FNH:0
DA:1,1
DA:2,1
DA:5,1
DA:6,1
DA:9,1
LF:5
LH:5
BRF:0
BRH:0
end_of_record
TN:
SF:/Users/barret/github/spaas/packages/bridge/src/store.ts
FN:57,get
FN:62,(anonymous_1)
FN:93,set
FN:102,has
FN:111,hasStore
FN:120,off
FN:130,on
FN:137,offAll
FNF:8
FNH:8
FNDA:4,get
FNDA:10,(anonymous_1)
FNDA:11,set
FNDA:7,has
FNDA:5,hasStore
FNDA:5,off
FNDA:5,on
FNDA:1,offAll
DA:1,2
DA:2,2
DA:61,4
DA:62,10
DA:63,2
DA:64,2
DA:65,0
DA:66,0
DA:67,2
DA:68,1
DA:70,1
DA:94,11
DA:103,7
DA:112,5
DA:121,5
DA:131,5
DA:138,1
DA:140,2
LF:18
LH:16
BRDA:62,0,0,2
BRDA:62,0,1,2
BRDA:64,1,0,0
BRDA:64,1,1,2
BRDA:67,2,0,1
BRDA:67,2,1,1
BRF:6
BRH:5
end_of_record
TN:
SF:/Users/barret/github/spaas/packages/bridge/src/stark-data/cache.ts
FN:3,(anonymous_0)
FN:10,(anonymous_1)
FNF:2
FNH:2
FNDA:10,(anonymous_0)
FNDA:12,(anonymous_1)
DA:1,7
DA:3,7
DA:4,10
DA:5,7
DA:7,10
DA:10,7
DA:11,12
DA:12,12
LF:8
LH:8
BRDA:4,0,0,7
BRDA:4,0,1,3
BRDA:12,1,0,1
BRDA:12,1,1,11
BRDA:12,2,0,12
BRDA:12,2,1,5
BRF:6
BRH:6
end_of_record
TN:
SF:/Users/barret/github/spaas/packages/bridge/src/stark-data/event.ts
FN:18,(anonymous_0)
FN:21,Event
FN:25,(anonymous_2)
FN:33,(anonymous_3)
FN:38,(anonymous_4)
FN:56,(anonymous_5)
FN:72,(anonymous_6)
FN:75,(anonymous_7)
FNF:8
FNH:8
FNDA:4,(anonymous_0)
FNDA:4,Event
FNDA:14,(anonymous_2)
FNDA:16,(anonymous_3)
FNDA:9,(anonymous_4)
FNDA:11,(anonymous_5)
FNDA:8,(anonymous_6)
FNDA:14,(anonymous_7)
DA:3,4
DA:4,4
DA:6,4
DA:18,4
DA:22,4
DA:25,42
DA:26,14
DA:28,14
DA:29,4
DA:30,4
DA:33,10
DA:34,16
DA:38,4
DA:39,9
DA:40,1
DA:41,1
DA:44,8
DA:45,2
DA:46,2
DA:49,6
DA:50,4
DA:53,6
DA:56,4
DA:57,11
DA:58,1
DA:59,1
DA:62,10
DA:63,2
DA:64,2
DA:67,8
DA:68,2
DA:69,2
DA:72,8
DA:75,4
DA:76,14
DA:77,14
DA:79,4
DA:81,4
DA:82,4
DA:83,4
DA:84,4
DA:87,4
LF:42
LH:42
BRDA:28,0,0,4
BRDA:28,0,1,10
BRDA:28,1,0,14
BRDA:28,1,1,12
BRDA:28,1,2,12
BRDA:39,2,0,1
BRDA:39,2,1,8
BRDA:44,3,0,2
BRDA:44,3,1,6
BRDA:44,4,0,8
BRDA:44,4,1,7
BRDA:49,5,0,4
BRDA:49,5,1,2
BRDA:57,6,0,1
BRDA:57,6,1,10
BRDA:62,7,0,2
BRDA:62,7,1,8
BRDA:67,8,0,2
BRDA:67,8,1,6
BRDA:77,9,0,14
BRDA:77,9,1,10
BRDA:82,10,0,4
BRDA:82,10,1,0
BRF:23
BRH:22
end_of_record
TN:
SF:/Users/barret/github/spaas/packages/bridge/src/stark-data/index.ts
FNF:0
FNH:0
DA:1,3
DA:2,3
LF:2
LH:2
BRF:0
BRH:0
end_of_record
TN:
SF:/Users/barret/github/spaas/packages/bridge/src/stark-data/store.ts
FN:21,(anonymous_0)
FN:26,Store
FN:31,(anonymous_2)
FN:35,(anonymous_3)
FN:40,(anonymous_4)
FN:48,(anonymous_5)
FN:53,(anonymous_6)
FN:66,(anonymous_7)
FN:73,(anonymous_8)
FN:83,(anonymous_9)
FN:105,(anonymous_10)
FN:121,(anonymous_11)
FN:124,(anonymous_12)
FN:128,(anonymous_13)
FN:134,(anonymous_14)
FNF:15
FNH:15
FNDA:5,(anonymous_0)
FNDA:5,Store
FNDA:18,(anonymous_2)
FNDA:25,(anonymous_3)
FNDA:25,(anonymous_4)
FNDA:6,(anonymous_5)
FNDA:7,(anonymous_6)
FNDA:17,(anonymous_7)
FNDA:10,(anonymous_8)
FNDA:13,(anonymous_9)
FNDA:10,(anonymous_10)
FNDA:5,(anonymous_11)
FNDA:1,(anonymous_12)
FNDA:11,(anonymous_13)
FNDA:5,(anonymous_14)
DA:4,5
DA:5,5
DA:7,5
DA:21,5
DA:27,5
DA:28,5
DA:31,5
DA:32,18
DA:35,5
DA:36,25
DA:37,25
DA:40,5
DA:41,25
DA:43,25
DA:44,19
DA:47,6
DA:48,6
DA:49,6
DA:53,5
DA:54,7
DA:55,1
DA:58,6
DA:59,1
DA:60,1
DA:63,5
DA:66,17
DA:67,17
DA:68,4
DA:69,2
DA:70,2
DA:73,2
DA:74,10
DA:76,10
DA:80,15
DA:83,5
DA:84,13
DA:85,1
DA:86,1
DA:89,12
DA:90,2
DA:91,2
DA:94,10
DA:95,7
DA:98,10
DA:100,10
DA:101,7
DA:105,5
DA:106,10
DA:107,1
DA:108,1
DA:111,9
DA:112,2
DA:113,2
DA:116,7
DA:117,2
DA:118,2
DA:121,5
DA:124,5
DA:125,1
DA:128,5
DA:129,11
DA:130,11
DA:131,11
DA:134,5
DA:135,5
DA:136,21
DA:137,21
DA:138,2
DA:141,3
DA:143,5
DA:145,5
DA:146,5
DA:147,5
DA:148,5
DA:151,5
LF:75
LH:75
BRDA:43,0,0,19
BRDA:43,0,1,6
BRDA:43,1,0,25
BRDA:43,1,1,7
BRDA:43,1,2,7
BRDA:54,2,0,1
BRDA:54,2,1,6
BRDA:58,3,0,1
BRDA:58,3,1,5
BRDA:67,4,0,4
BRDA:67,4,1,13
BRDA:68,5,0,2
BRDA:68,5,1,2
BRDA:84,6,0,1
BRDA:84,6,1,12
BRDA:89,7,0,2
BRDA:89,7,1,10
BRDA:89,8,0,12
BRDA:89,8,1,11
BRDA:94,9,0,7
BRDA:94,9,1,3
BRDA:100,10,0,7
BRDA:100,10,1,3
BRDA:106,11,0,1
BRDA:106,11,1,9
BRDA:111,12,0,2
BRDA:111,12,1,7
BRDA:116,13,0,2
BRDA:116,13,1,5
BRDA:131,14,0,11
BRDA:131,14,1,8
BRDA:137,15,0,2
BRDA:137,15,1,19
BRDA:146,16,0,5
BRDA:146,16,1,0
BRF:35
BRH:34
end_of_record
TN:
SF:/Users/barret/github/spaas/packages/bridge/src/stark-data/utils.ts
FN:1,isObject
FN:5,isArray
FN:9,warn
FNF:3
FNH:3
FNDA:4,isObject
FNDA:102,isArray
FNDA:19,warn
DA:1,6
DA:2,4
DA:5,6
DA:6,102
DA:9,6
DA:10,19
LF:6
LH:6
BRDA:10,0,0,19
BRDA:10,0,1,19
BRF:2
BRH:2
end_of_record
